<?xml version="1.0" encoding="UTF-8"?>
<testsuite xmlns:xsi="http://www.w3.org/2001/XMLSchema-instance" xsi:noNamespaceSchemaLocation="https://maven.apache.org/surefire/maven-surefire-plugin/xsd/surefire-test-report.xsd" name="com.greencommute.jobmanagementservice.controller.JobControllerTest" time="1.857" tests="6" errors="0" skipped="0" failures="0">
  <properties>
    <property name="sun.desktop" value="gnome"/>
    <property name="awt.toolkit" value="sun.awt.X11.XToolkit"/>
    <property name="java.specification.version" value="11"/>
    <property name="sun.cpu.isalist" value=""/>
    <property name="sun.jnu.encoding" value="UTF-8"/>
    <property name="java.class.path" value="/home/sring/BC-15/devops-bootcamp-jan22/BC15-green-commute/services/job-management-service/target/test-classes:/home/sring/BC-15/devops-bootcamp-jan22/BC15-green-commute/services/job-management-service/target/classes:/home/sring/.m2/repository/org/springframework/boot/spring-boot-starter-web/2.4.2/spring-boot-starter-web-2.4.2.jar:/home/sring/.m2/repository/org/springframework/boot/spring-boot-starter/2.4.2/spring-boot-starter-2.4.2.jar:/home/sring/.m2/repository/org/springframework/boot/spring-boot-starter-logging/2.4.2/spring-boot-starter-logging-2.4.2.jar:/home/sring/.m2/repository/ch/qos/logback/logback-classic/1.2.3/logback-classic-1.2.3.jar:/home/sring/.m2/repository/ch/qos/logback/logback-core/1.2.3/logback-core-1.2.3.jar:/home/sring/.m2/repository/org/apache/logging/log4j/log4j-to-slf4j/2.13.3/log4j-to-slf4j-2.13.3.jar:/home/sring/.m2/repository/org/apache/logging/log4j/log4j-api/2.13.3/log4j-api-2.13.3.jar:/home/sring/.m2/repository/org/slf4j/jul-to-slf4j/1.7.30/jul-to-slf4j-1.7.30.jar:/home/sring/.m2/repository/jakarta/annotation/jakarta.annotation-api/1.3.5/jakarta.annotation-api-1.3.5.jar:/home/sring/.m2/repository/org/yaml/snakeyaml/1.27/snakeyaml-1.27.jar:/home/sring/.m2/repository/org/springframework/boot/spring-boot-starter-json/2.4.2/spring-boot-starter-json-2.4.2.jar:/home/sring/.m2/repository/com/fasterxml/jackson/datatype/jackson-datatype-jdk8/2.11.4/jackson-datatype-jdk8-2.11.4.jar:/home/sring/.m2/repository/com/fasterxml/jackson/datatype/jackson-datatype-jsr310/2.11.4/jackson-datatype-jsr310-2.11.4.jar:/home/sring/.m2/repository/com/fasterxml/jackson/module/jackson-module-parameter-names/2.11.4/jackson-module-parameter-names-2.11.4.jar:/home/sring/.m2/repository/org/springframework/boot/spring-boot-starter-tomcat/2.4.2/spring-boot-starter-tomcat-2.4.2.jar:/home/sring/.m2/repository/org/apache/tomcat/embed/tomcat-embed-core/9.0.41/tomcat-embed-core-9.0.41.jar:/home/sring/.m2/repository/org/glassfish/jakarta.el/3.0.3/jakarta.el-3.0.3.jar:/home/sring/.m2/repository/org/apache/tomcat/embed/tomcat-embed-websocket/9.0.41/tomcat-embed-websocket-9.0.41.jar:/home/sring/.m2/repository/org/springframework/spring-web/5.3.3/spring-web-5.3.3.jar:/home/sring/.m2/repository/org/springframework/spring-webmvc/5.3.3/spring-webmvc-5.3.3.jar:/home/sring/.m2/repository/org/springframework/spring-aop/5.3.3/spring-aop-5.3.3.jar:/home/sring/.m2/repository/org/springframework/spring-context/5.3.3/spring-context-5.3.3.jar:/home/sring/.m2/repository/org/springframework/spring-expression/5.3.3/spring-expression-5.3.3.jar:/home/sring/.m2/repository/org/postgresql/postgresql/42.2.18/postgresql-42.2.18.jar:/home/sring/.m2/repository/org/checkerframework/checker-qual/3.5.0/checker-qual-3.5.0.jar:/home/sring/.m2/repository/org/jdbi/jdbi3-postgres/3.9.0/jdbi3-postgres-3.9.0.jar:/home/sring/.m2/repository/org/jdbi/jdbi3-sqlobject/3.9.0/jdbi3-sqlobject-3.9.0.jar:/home/sring/.m2/repository/org/jdbi/jdbi3-spring4/3.9.0/jdbi3-spring4-3.9.0.jar:/home/sring/.m2/repository/org/springframework/spring-jdbc/5.3.3/spring-jdbc-5.3.3.jar:/home/sring/.m2/repository/org/springframework/spring-tx/5.3.3/spring-tx-5.3.3.jar:/home/sring/.m2/repository/org/springframework/spring-beans/5.3.3/spring-beans-5.3.3.jar:/home/sring/.m2/repository/org/jdbi/jdbi3-core/3.9.0/jdbi3-core-3.9.0.jar:/home/sring/.m2/repository/org/antlr/antlr4-runtime/4.7.2/antlr4-runtime-4.7.2.jar:/home/sring/.m2/repository/org/slf4j/slf4j-api/1.7.30/slf4j-api-1.7.30.jar:/home/sring/.m2/repository/io/leangen/geantyref/geantyref/1.3.7/geantyref-1.3.7.jar:/home/sring/.m2/repository/org/flywaydb/flyway-core/7.1.1/flyway-core-7.1.1.jar:/home/sring/.m2/repository/com/fasterxml/jackson/core/jackson-core/2.10.1/jackson-core-2.10.1.jar:/home/sring/.m2/repository/com/fasterxml/jackson/core/jackson-databind/2.10.1/jackson-databind-2.10.1.jar:/home/sring/.m2/repository/com/fasterxml/jackson/core/jackson-annotations/2.10.1/jackson-annotations-2.10.1.jar:/home/sring/.m2/repository/org/immutables/value/2.8.3/value-2.8.3.jar:/home/sring/.m2/repository/org/immutables/gson/2.8.3/gson-2.8.3.jar:/home/sring/.m2/repository/com/google/code/gson/gson/2.8.6/gson-2.8.6.jar:/home/sring/.m2/repository/org/springframework/boot/spring-boot-starter-jdbc/2.4.2/spring-boot-starter-jdbc-2.4.2.jar:/home/sring/.m2/repository/com/zaxxer/HikariCP/3.4.5/HikariCP-3.4.5.jar:/home/sring/.m2/repository/com/google/guava/guava/19.0/guava-19.0.jar:/home/sring/.m2/repository/org/mockito/mockito-core/3.7.7/mockito-core-3.7.7.jar:/home/sring/.m2/repository/net/bytebuddy/byte-buddy/1.10.19/byte-buddy-1.10.19.jar:/home/sring/.m2/repository/net/bytebuddy/byte-buddy-agent/1.10.19/byte-buddy-agent-1.10.19.jar:/home/sring/.m2/repository/org/objenesis/objenesis/3.1/objenesis-3.1.jar:/home/sring/.m2/repository/junit/junit/4.13.1/junit-4.13.1.jar:/home/sring/.m2/repository/org/hamcrest/hamcrest-core/2.2/hamcrest-core-2.2.jar:/home/sring/.m2/repository/org/springframework/boot/spring-boot-test/2.4.2/spring-boot-test-2.4.2.jar:/home/sring/.m2/repository/org/springframework/boot/spring-boot/2.4.2/spring-boot-2.4.2.jar:/home/sring/.m2/repository/org/springframework/boot/spring-boot-test-autoconfigure/2.4.2/spring-boot-test-autoconfigure-2.4.2.jar:/home/sring/.m2/repository/org/springframework/boot/spring-boot-autoconfigure/2.4.2/spring-boot-autoconfigure-2.4.2.jar:/home/sring/.m2/repository/org/springframework/boot/spring-boot-starter-test/2.4.2/spring-boot-starter-test-2.4.2.jar:/home/sring/.m2/repository/com/jayway/jsonpath/json-path/2.4.0/json-path-2.4.0.jar:/home/sring/.m2/repository/net/minidev/json-smart/2.3/json-smart-2.3.jar:/home/sring/.m2/repository/net/minidev/accessors-smart/1.2/accessors-smart-1.2.jar:/home/sring/.m2/repository/org/ow2/asm/asm/5.0.4/asm-5.0.4.jar:/home/sring/.m2/repository/jakarta/xml/bind/jakarta.xml.bind-api/2.3.3/jakarta.xml.bind-api-2.3.3.jar:/home/sring/.m2/repository/jakarta/activation/jakarta.activation-api/1.2.2/jakarta.activation-api-1.2.2.jar:/home/sring/.m2/repository/org/assertj/assertj-core/3.18.1/assertj-core-3.18.1.jar:/home/sring/.m2/repository/org/hamcrest/hamcrest/2.2/hamcrest-2.2.jar:/home/sring/.m2/repository/org/mockito/mockito-junit-jupiter/3.6.28/mockito-junit-jupiter-3.6.28.jar:/home/sring/.m2/repository/org/skyscreamer/jsonassert/1.5.0/jsonassert-1.5.0.jar:/home/sring/.m2/repository/com/vaadin/external/google/android-json/0.0.20131108.vaadin1/android-json-0.0.20131108.vaadin1.jar:/home/sring/.m2/repository/org/springframework/spring-core/5.3.3/spring-core-5.3.3.jar:/home/sring/.m2/repository/org/springframework/spring-jcl/5.3.3/spring-jcl-5.3.3.jar:/home/sring/.m2/repository/org/springframework/spring-test/5.3.3/spring-test-5.3.3.jar:/home/sring/.m2/repository/org/xmlunit/xmlunit-core/2.7.0/xmlunit-core-2.7.0.jar:/home/sring/.m2/repository/com/github/javafaker/javafaker/0.15/javafaker-0.15.jar:/home/sring/.m2/repository/org/apache/commons/commons-lang3/3.11/commons-lang3-3.11.jar:/home/sring/.m2/repository/org/yaml/snakeyaml/1.20/snakeyaml-1.20-android.jar:/home/sring/.m2/repository/com/github/mifmif/generex/1.0.2/generex-1.0.2.jar:/home/sring/.m2/repository/dk/brics/automaton/automaton/1.11-8/automaton-1.11-8.jar:/home/sring/.m2/repository/org/testcontainers/postgresql/1.15.1/postgresql-1.15.1.jar:/home/sring/.m2/repository/org/testcontainers/jdbc/1.15.1/jdbc-1.15.1.jar:/home/sring/.m2/repository/org/testcontainers/database-commons/1.15.1/database-commons-1.15.1.jar:/home/sring/.m2/repository/org/testcontainers/junit-jupiter/1.15.1/junit-jupiter-1.15.1.jar:/home/sring/.m2/repository/org/testcontainers/testcontainers/1.15.1/testcontainers-1.15.1.jar:/home/sring/.m2/repository/org/apache/commons/commons-compress/1.20/commons-compress-1.20.jar:/home/sring/.m2/repository/org/rnorth/duct-tape/duct-tape/1.0.8/duct-tape-1.0.8.jar:/home/sring/.m2/repository/org/rnorth/visible-assertions/visible-assertions/2.1.2/visible-assertions-2.1.2.jar:/home/sring/.m2/repository/net/java/dev/jna/jna/5.2.0/jna-5.2.0.jar:/home/sring/.m2/repository/com/github/docker-java/docker-java-api/3.2.7/docker-java-api-3.2.7.jar:/home/sring/.m2/repository/com/github/docker-java/docker-java-transport-zerodep/3.2.7/docker-java-transport-zerodep-3.2.7.jar:/home/sring/.m2/repository/com/github/docker-java/docker-java-transport/3.2.7/docker-java-transport-3.2.7.jar:/home/sring/.m2/repository/org/junit/jupiter/junit-jupiter-api/5.7.0/junit-jupiter-api-5.7.0.jar:/home/sring/.m2/repository/org/apiguardian/apiguardian-api/1.1.0/apiguardian-api-1.1.0.jar:/home/sring/.m2/repository/org/opentest4j/opentest4j/1.2.0/opentest4j-1.2.0.jar:/home/sring/.m2/repository/org/junit/platform/junit-platform-commons/1.7.0/junit-platform-commons-1.7.0.jar:/home/sring/.m2/repository/org/junit/jupiter/junit-jupiter/5.7.0/junit-jupiter-5.7.0.jar:/home/sring/.m2/repository/org/junit/jupiter/junit-jupiter-params/5.7.0/junit-jupiter-params-5.7.0.jar:/home/sring/.m2/repository/org/junit/jupiter/junit-jupiter-engine/5.7.0/junit-jupiter-engine-5.7.0.jar:/home/sring/.m2/repository/org/junit/platform/junit-platform-engine/1.7.0/junit-platform-engine-1.7.0.jar:"/>
    <property name="java.vm.vendor" value="Ubuntu"/>
    <property name="sun.arch.data.model" value="64"/>
    <property name="java.vendor.url" value="https://ubuntu.com/"/>
    <property name="user.timezone" value=""/>
    <property name="java.vm.specification.version" value="11"/>
    <property name="os.name" value="Linux"/>
    <property name="sun.java.launcher" value="SUN_STANDARD"/>
    <property name="user.country" value="IN"/>
    <property name="sun.boot.library.path" value="/usr/lib/jvm/java-11-openjdk-amd64/lib"/>
    <property name="sun.java.command" value="/home/sring/BC-15/devops-bootcamp-jan22/BC15-green-commute/services/job-management-service/target/surefire/surefirebooter7026222136526244540.jar /home/sring/BC-15/devops-bootcamp-jan22/BC15-green-commute/services/job-management-service/target/surefire 2022-03-23T12-20-07_522-jvmRun1 surefire12252434696060182656tmp surefire_015009519446761290137tmp"/>
    <property name="jdk.debug" value="release"/>
    <property name="surefire.test.class.path" value="/home/sring/BC-15/devops-bootcamp-jan22/BC15-green-commute/services/job-management-service/target/test-classes:/home/sring/BC-15/devops-bootcamp-jan22/BC15-green-commute/services/job-management-service/target/classes:/home/sring/.m2/repository/org/springframework/boot/spring-boot-starter-web/2.4.2/spring-boot-starter-web-2.4.2.jar:/home/sring/.m2/repository/org/springframework/boot/spring-boot-starter/2.4.2/spring-boot-starter-2.4.2.jar:/home/sring/.m2/repository/org/springframework/boot/spring-boot-starter-logging/2.4.2/spring-boot-starter-logging-2.4.2.jar:/home/sring/.m2/repository/ch/qos/logback/logback-classic/1.2.3/logback-classic-1.2.3.jar:/home/sring/.m2/repository/ch/qos/logback/logback-core/1.2.3/logback-core-1.2.3.jar:/home/sring/.m2/repository/org/apache/logging/log4j/log4j-to-slf4j/2.13.3/log4j-to-slf4j-2.13.3.jar:/home/sring/.m2/repository/org/apache/logging/log4j/log4j-api/2.13.3/log4j-api-2.13.3.jar:/home/sring/.m2/repository/org/slf4j/jul-to-slf4j/1.7.30/jul-to-slf4j-1.7.30.jar:/home/sring/.m2/repository/jakarta/annotation/jakarta.annotation-api/1.3.5/jakarta.annotation-api-1.3.5.jar:/home/sring/.m2/repository/org/yaml/snakeyaml/1.27/snakeyaml-1.27.jar:/home/sring/.m2/repository/org/springframework/boot/spring-boot-starter-json/2.4.2/spring-boot-starter-json-2.4.2.jar:/home/sring/.m2/repository/com/fasterxml/jackson/datatype/jackson-datatype-jdk8/2.11.4/jackson-datatype-jdk8-2.11.4.jar:/home/sring/.m2/repository/com/fasterxml/jackson/datatype/jackson-datatype-jsr310/2.11.4/jackson-datatype-jsr310-2.11.4.jar:/home/sring/.m2/repository/com/fasterxml/jackson/module/jackson-module-parameter-names/2.11.4/jackson-module-parameter-names-2.11.4.jar:/home/sring/.m2/repository/org/springframework/boot/spring-boot-starter-tomcat/2.4.2/spring-boot-starter-tomcat-2.4.2.jar:/home/sring/.m2/repository/org/apache/tomcat/embed/tomcat-embed-core/9.0.41/tomcat-embed-core-9.0.41.jar:/home/sring/.m2/repository/org/glassfish/jakarta.el/3.0.3/jakarta.el-3.0.3.jar:/home/sring/.m2/repository/org/apache/tomcat/embed/tomcat-embed-websocket/9.0.41/tomcat-embed-websocket-9.0.41.jar:/home/sring/.m2/repository/org/springframework/spring-web/5.3.3/spring-web-5.3.3.jar:/home/sring/.m2/repository/org/springframework/spring-webmvc/5.3.3/spring-webmvc-5.3.3.jar:/home/sring/.m2/repository/org/springframework/spring-aop/5.3.3/spring-aop-5.3.3.jar:/home/sring/.m2/repository/org/springframework/spring-context/5.3.3/spring-context-5.3.3.jar:/home/sring/.m2/repository/org/springframework/spring-expression/5.3.3/spring-expression-5.3.3.jar:/home/sring/.m2/repository/org/postgresql/postgresql/42.2.18/postgresql-42.2.18.jar:/home/sring/.m2/repository/org/checkerframework/checker-qual/3.5.0/checker-qual-3.5.0.jar:/home/sring/.m2/repository/org/jdbi/jdbi3-postgres/3.9.0/jdbi3-postgres-3.9.0.jar:/home/sring/.m2/repository/org/jdbi/jdbi3-sqlobject/3.9.0/jdbi3-sqlobject-3.9.0.jar:/home/sring/.m2/repository/org/jdbi/jdbi3-spring4/3.9.0/jdbi3-spring4-3.9.0.jar:/home/sring/.m2/repository/org/springframework/spring-jdbc/5.3.3/spring-jdbc-5.3.3.jar:/home/sring/.m2/repository/org/springframework/spring-tx/5.3.3/spring-tx-5.3.3.jar:/home/sring/.m2/repository/org/springframework/spring-beans/5.3.3/spring-beans-5.3.3.jar:/home/sring/.m2/repository/org/jdbi/jdbi3-core/3.9.0/jdbi3-core-3.9.0.jar:/home/sring/.m2/repository/org/antlr/antlr4-runtime/4.7.2/antlr4-runtime-4.7.2.jar:/home/sring/.m2/repository/org/slf4j/slf4j-api/1.7.30/slf4j-api-1.7.30.jar:/home/sring/.m2/repository/io/leangen/geantyref/geantyref/1.3.7/geantyref-1.3.7.jar:/home/sring/.m2/repository/org/flywaydb/flyway-core/7.1.1/flyway-core-7.1.1.jar:/home/sring/.m2/repository/com/fasterxml/jackson/core/jackson-core/2.10.1/jackson-core-2.10.1.jar:/home/sring/.m2/repository/com/fasterxml/jackson/core/jackson-databind/2.10.1/jackson-databind-2.10.1.jar:/home/sring/.m2/repository/com/fasterxml/jackson/core/jackson-annotations/2.10.1/jackson-annotations-2.10.1.jar:/home/sring/.m2/repository/org/immutables/value/2.8.3/value-2.8.3.jar:/home/sring/.m2/repository/org/immutables/gson/2.8.3/gson-2.8.3.jar:/home/sring/.m2/repository/com/google/code/gson/gson/2.8.6/gson-2.8.6.jar:/home/sring/.m2/repository/org/springframework/boot/spring-boot-starter-jdbc/2.4.2/spring-boot-starter-jdbc-2.4.2.jar:/home/sring/.m2/repository/com/zaxxer/HikariCP/3.4.5/HikariCP-3.4.5.jar:/home/sring/.m2/repository/com/google/guava/guava/19.0/guava-19.0.jar:/home/sring/.m2/repository/org/mockito/mockito-core/3.7.7/mockito-core-3.7.7.jar:/home/sring/.m2/repository/net/bytebuddy/byte-buddy/1.10.19/byte-buddy-1.10.19.jar:/home/sring/.m2/repository/net/bytebuddy/byte-buddy-agent/1.10.19/byte-buddy-agent-1.10.19.jar:/home/sring/.m2/repository/org/objenesis/objenesis/3.1/objenesis-3.1.jar:/home/sring/.m2/repository/junit/junit/4.13.1/junit-4.13.1.jar:/home/sring/.m2/repository/org/hamcrest/hamcrest-core/2.2/hamcrest-core-2.2.jar:/home/sring/.m2/repository/org/springframework/boot/spring-boot-test/2.4.2/spring-boot-test-2.4.2.jar:/home/sring/.m2/repository/org/springframework/boot/spring-boot/2.4.2/spring-boot-2.4.2.jar:/home/sring/.m2/repository/org/springframework/boot/spring-boot-test-autoconfigure/2.4.2/spring-boot-test-autoconfigure-2.4.2.jar:/home/sring/.m2/repository/org/springframework/boot/spring-boot-autoconfigure/2.4.2/spring-boot-autoconfigure-2.4.2.jar:/home/sring/.m2/repository/org/springframework/boot/spring-boot-starter-test/2.4.2/spring-boot-starter-test-2.4.2.jar:/home/sring/.m2/repository/com/jayway/jsonpath/json-path/2.4.0/json-path-2.4.0.jar:/home/sring/.m2/repository/net/minidev/json-smart/2.3/json-smart-2.3.jar:/home/sring/.m2/repository/net/minidev/accessors-smart/1.2/accessors-smart-1.2.jar:/home/sring/.m2/repository/org/ow2/asm/asm/5.0.4/asm-5.0.4.jar:/home/sring/.m2/repository/jakarta/xml/bind/jakarta.xml.bind-api/2.3.3/jakarta.xml.bind-api-2.3.3.jar:/home/sring/.m2/repository/jakarta/activation/jakarta.activation-api/1.2.2/jakarta.activation-api-1.2.2.jar:/home/sring/.m2/repository/org/assertj/assertj-core/3.18.1/assertj-core-3.18.1.jar:/home/sring/.m2/repository/org/hamcrest/hamcrest/2.2/hamcrest-2.2.jar:/home/sring/.m2/repository/org/mockito/mockito-junit-jupiter/3.6.28/mockito-junit-jupiter-3.6.28.jar:/home/sring/.m2/repository/org/skyscreamer/jsonassert/1.5.0/jsonassert-1.5.0.jar:/home/sring/.m2/repository/com/vaadin/external/google/android-json/0.0.20131108.vaadin1/android-json-0.0.20131108.vaadin1.jar:/home/sring/.m2/repository/org/springframework/spring-core/5.3.3/spring-core-5.3.3.jar:/home/sring/.m2/repository/org/springframework/spring-jcl/5.3.3/spring-jcl-5.3.3.jar:/home/sring/.m2/repository/org/springframework/spring-test/5.3.3/spring-test-5.3.3.jar:/home/sring/.m2/repository/org/xmlunit/xmlunit-core/2.7.0/xmlunit-core-2.7.0.jar:/home/sring/.m2/repository/com/github/javafaker/javafaker/0.15/javafaker-0.15.jar:/home/sring/.m2/repository/org/apache/commons/commons-lang3/3.11/commons-lang3-3.11.jar:/home/sring/.m2/repository/org/yaml/snakeyaml/1.20/snakeyaml-1.20-android.jar:/home/sring/.m2/repository/com/github/mifmif/generex/1.0.2/generex-1.0.2.jar:/home/sring/.m2/repository/dk/brics/automaton/automaton/1.11-8/automaton-1.11-8.jar:/home/sring/.m2/repository/org/testcontainers/postgresql/1.15.1/postgresql-1.15.1.jar:/home/sring/.m2/repository/org/testcontainers/jdbc/1.15.1/jdbc-1.15.1.jar:/home/sring/.m2/repository/org/testcontainers/database-commons/1.15.1/database-commons-1.15.1.jar:/home/sring/.m2/repository/org/testcontainers/junit-jupiter/1.15.1/junit-jupiter-1.15.1.jar:/home/sring/.m2/repository/org/testcontainers/testcontainers/1.15.1/testcontainers-1.15.1.jar:/home/sring/.m2/repository/org/apache/commons/commons-compress/1.20/commons-compress-1.20.jar:/home/sring/.m2/repository/org/rnorth/duct-tape/duct-tape/1.0.8/duct-tape-1.0.8.jar:/home/sring/.m2/repository/org/rnorth/visible-assertions/visible-assertions/2.1.2/visible-assertions-2.1.2.jar:/home/sring/.m2/repository/net/java/dev/jna/jna/5.2.0/jna-5.2.0.jar:/home/sring/.m2/repository/com/github/docker-java/docker-java-api/3.2.7/docker-java-api-3.2.7.jar:/home/sring/.m2/repository/com/github/docker-java/docker-java-transport-zerodep/3.2.7/docker-java-transport-zerodep-3.2.7.jar:/home/sring/.m2/repository/com/github/docker-java/docker-java-transport/3.2.7/docker-java-transport-3.2.7.jar:/home/sring/.m2/repository/org/junit/jupiter/junit-jupiter-api/5.7.0/junit-jupiter-api-5.7.0.jar:/home/sring/.m2/repository/org/apiguardian/apiguardian-api/1.1.0/apiguardian-api-1.1.0.jar:/home/sring/.m2/repository/org/opentest4j/opentest4j/1.2.0/opentest4j-1.2.0.jar:/home/sring/.m2/repository/org/junit/platform/junit-platform-commons/1.7.0/junit-platform-commons-1.7.0.jar:/home/sring/.m2/repository/org/junit/jupiter/junit-jupiter/5.7.0/junit-jupiter-5.7.0.jar:/home/sring/.m2/repository/org/junit/jupiter/junit-jupiter-params/5.7.0/junit-jupiter-params-5.7.0.jar:/home/sring/.m2/repository/org/junit/jupiter/junit-jupiter-engine/5.7.0/junit-jupiter-engine-5.7.0.jar:/home/sring/.m2/repository/org/junit/platform/junit-platform-engine/1.7.0/junit-platform-engine-1.7.0.jar:"/>
    <property name="sun.cpu.endian" value="little"/>
    <property name="user.home" value="/home/sring"/>
    <property name="user.language" value="en"/>
    <property name="java.specification.vendor" value="Oracle Corporation"/>
    <property name="java.version.date" value="2022-01-18"/>
    <property name="java.home" value="/usr/lib/jvm/java-11-openjdk-amd64"/>
    <property name="file.separator" value="/"/>
    <property name="basedir" value="/home/sring/BC-15/devops-bootcamp-jan22/BC15-green-commute/services/job-management-service"/>
    <property name="java.vm.compressedOopsMode" value="Zero based"/>
    <property name="line.separator" value="&#10;"/>
    <property name="java.specification.name" value="Java Platform API Specification"/>
    <property name="java.vm.specification.vendor" value="Oracle Corporation"/>
    <property name="java.awt.graphicsenv" value="sun.awt.X11GraphicsEnvironment"/>
    <property name="surefire.real.class.path" value="/home/sring/BC-15/devops-bootcamp-jan22/BC15-green-commute/services/job-management-service/target/surefire/surefirebooter7026222136526244540.jar"/>
    <property name="sun.management.compiler" value="HotSpot 64-Bit Tiered Compilers"/>
    <property name="java.runtime.version" value="11.0.14+9-Ubuntu-0ubuntu2.20.04"/>
    <property name="user.name" value="sring"/>
    <property name="path.separator" value=":"/>
    <property name="os.version" value="5.13.0-35-generic"/>
    <property name="java.runtime.name" value="OpenJDK Runtime Environment"/>
    <property name="file.encoding" value="UTF-8"/>
    <property name="java.vm.name" value="OpenJDK 64-Bit Server VM"/>
    <property name="localRepository" value="/home/sring/.m2/repository"/>
    <property name="java.vendor.url.bug" value="https://bugs.launchpad.net/ubuntu/+source/openjdk-lts"/>
    <property name="java.io.tmpdir" value="/tmp"/>
    <property name="java.version" value="11.0.14"/>
    <property name="user.dir" value="/home/sring/BC-15/devops-bootcamp-jan22/BC15-green-commute/services/job-management-service"/>
    <property name="os.arch" value="amd64"/>
    <property name="java.vm.specification.name" value="Java Virtual Machine Specification"/>
    <property name="java.awt.printerjob" value="sun.print.PSPrinterJob"/>
    <property name="sun.os.patch.level" value="unknown"/>
    <property name="java.library.path" value="/usr/java/packages/lib:/usr/lib/x86_64-linux-gnu/jni:/lib/x86_64-linux-gnu:/usr/lib/x86_64-linux-gnu:/usr/lib/jni:/lib:/usr/lib"/>
    <property name="java.vm.info" value="mixed mode, sharing"/>
    <property name="java.vendor" value="Ubuntu"/>
    <property name="java.vm.version" value="11.0.14+9-Ubuntu-0ubuntu2.20.04"/>
    <property name="sun.io.unicode.encoding" value="UnicodeLittle"/>
    <property name="java.class.version" value="55.0"/>
  </properties>
  <testcase name="fetchJobBYIdStatusOkTest" classname="com.greencommute.jobmanagementservice.controller.JobControllerTest" time="0.097"/>
  <testcase name="fetchJobsStatusOkTest" classname="com.greencommute.jobmanagementservice.controller.JobControllerTest" time="0.096"/>
  <testcase name="fetchJobBYIdStatusBadRequestTest" classname="com.greencommute.jobmanagementservice.controller.JobControllerTest" time="0.044"/>
  <testcase name="fetchJobBYIdStatusNotFoundTest" classname="com.greencommute.jobmanagementservice.controller.JobControllerTest" time="0.034"/>
  <testcase name="fetchJobsStatusBadRequestTest" classname="com.greencommute.jobmanagementservice.controller.JobControllerTest" time="0.05"/>
  <testcase name="fetchSkillsStatusOkTest" classname="com.greencommute.jobmanagementservice.controller.JobControllerTest" time="0.01"/>
</testsuite>